D:\DROPBOX\CODEPROJECTS\PGR2_SEMESTRALKA\SIMPLEGLSL\DEBUG\MAIN.OBJ
D:\DROPBOX\CODEPROJECTS\PGR2_SEMESTRALKA\SIMPLEGLSL\DEBUG\PGR2MODEL.OBJ
D:\DROPBOX\CODEPROJECTS\PGR2_SEMESTRALKA\SIMPLEGLSL\DEBUG\VC110.PDB
D:\Dropbox\CodeProjects\PGR2_semestralka\SimpleGLSL\Debug\main.obj
D:\Dropbox\CodeProjects\PGR2_semestralka\SimpleGLSL\Debug\pgr2model.obj
D:\Dropbox\CodeProjects\PGR2_semestralka\SimpleGLSL\Debug\cl.command.1.tlog
D:\Dropbox\CodeProjects\PGR2_semestralka\SimpleGLSL\Debug\CL.read.1.tlog
D:\Dropbox\CodeProjects\PGR2_semestralka\SimpleGLSL\Debug\CL.write.1.tlog
D:\Dropbox\CodeProjects\PGR2_semestralka\SimpleGLSL\Debug\link-cvtres.read.1.tlog
D:\Dropbox\CodeProjects\PGR2_semestralka\SimpleGLSL\Debug\link-cvtres.write.1.tlog
D:\Dropbox\CodeProjects\PGR2_semestralka\SimpleGLSL\Debug\link-rc.read.1.tlog
D:\Dropbox\CodeProjects\PGR2_semestralka\SimpleGLSL\Debug\link-rc.write.1.tlog
D:\Dropbox\CodeProjects\PGR2_semestralka\SimpleGLSL\Debug\link.4104-cvtres.read.1.tlog
D:\Dropbox\CodeProjects\PGR2_semestralka\SimpleGLSL\Debug\link.4104-cvtres.write.1.tlog
D:\Dropbox\CodeProjects\PGR2_semestralka\SimpleGLSL\Debug\link.4104-rc.read.1.tlog
D:\Dropbox\CodeProjects\PGR2_semestralka\SimpleGLSL\Debug\link.4104-rc.write.1.tlog
D:\Dropbox\CodeProjects\PGR2_semestralka\SimpleGLSL\Debug\link.4104.read.1.tlog
D:\Dropbox\CodeProjects\PGR2_semestralka\SimpleGLSL\Debug\link.4104.write.1.tlog
D:\Dropbox\CodeProjects\PGR2_semestralka\SimpleGLSL\Debug\link.5632-cvtres.read.1.tlog
D:\Dropbox\CodeProjects\PGR2_semestralka\SimpleGLSL\Debug\link.5632-cvtres.write.1.tlog
D:\Dropbox\CodeProjects\PGR2_semestralka\SimpleGLSL\Debug\link.5632-rc.read.1.tlog
D:\Dropbox\CodeProjects\PGR2_semestralka\SimpleGLSL\Debug\link.5632-rc.write.1.tlog
D:\Dropbox\CodeProjects\PGR2_semestralka\SimpleGLSL\Debug\link.5632.read.1.tlog
D:\Dropbox\CodeProjects\PGR2_semestralka\SimpleGLSL\Debug\link.5632.write.1.tlog
D:\Dropbox\CodeProjects\PGR2_semestralka\SimpleGLSL\Debug\link.6100-cvtres.read.1.tlog
D:\Dropbox\CodeProjects\PGR2_semestralka\SimpleGLSL\Debug\link.6100-cvtres.write.1.tlog
D:\Dropbox\CodeProjects\PGR2_semestralka\SimpleGLSL\Debug\link.6100-rc.read.1.tlog
D:\Dropbox\CodeProjects\PGR2_semestralka\SimpleGLSL\Debug\link.6100-rc.write.1.tlog
D:\Dropbox\CodeProjects\PGR2_semestralka\SimpleGLSL\Debug\link.6100.read.1.tlog
D:\Dropbox\CodeProjects\PGR2_semestralka\SimpleGLSL\Debug\link.6100.write.1.tlog
D:\Dropbox\CodeProjects\PGR2_semestralka\SimpleGLSL\Debug\link.7600-cvtres.read.1.tlog
D:\Dropbox\CodeProjects\PGR2_semestralka\SimpleGLSL\Debug\link.7600-cvtres.write.1.tlog
D:\Dropbox\CodeProjects\PGR2_semestralka\SimpleGLSL\Debug\link.7600-rc.read.1.tlog
D:\Dropbox\CodeProjects\PGR2_semestralka\SimpleGLSL\Debug\link.7600-rc.write.1.tlog
D:\Dropbox\CodeProjects\PGR2_semestralka\SimpleGLSL\Debug\link.7600.read.1.tlog
D:\Dropbox\CodeProjects\PGR2_semestralka\SimpleGLSL\Debug\link.7600.write.1.tlog
D:\Dropbox\CodeProjects\PGR2_semestralka\SimpleGLSL\Debug\link.command.1.tlog
D:\Dropbox\CodeProjects\PGR2_semestralka\SimpleGLSL\Debug\link.read.1.tlog
D:\Dropbox\CodeProjects\PGR2_semestralka\SimpleGLSL\Debug\link.write.1.tlog
D:\Dropbox\CodeProjects\PGR2_semestralka\SimpleGLSL\Debug\vc110.idb
D:\Dropbox\CodeProjects\PGR2_semestralka\SimpleGLSL\Debug\vc110.pdb
D:\Dropbox\CodeProjects\PGR2_semestralka\bin\Debug\PGR2_semestralka.pdb
