D:\DROPBOX\CODEPROJECTS\PGR2_SEMESTRALKA\SIMPLEGLSL\RELEASE\PGR2MODEL.OBJ
D:\DROPBOX\CODEPROJECTS\PGR2_SEMESTRALKA\SIMPLEGLSL\RELEASE\MAIN.OBJ
D:\DROPBOX\CODEPROJECTS\PGR2_SEMESTRALKA\SIMPLEGLSL\RELEASE\VC110.PDB
D:\DROPBOX\CODEPROJECTS\PGR2_SEMESTRALKA\BIN\RELEASE\PGR2_SEMESTRALKA.EXE
D:\DROPBOX\CODEPROJECTS\PGR2_SEMESTRALKA\BIN\RELEASE\PGR2_SEMESTRALKA.PDB
D:\Dropbox\CodeProjects\PGR2_semestralka\SimpleGLSL\Release\main.obj
D:\Dropbox\CodeProjects\PGR2_semestralka\SimpleGLSL\Release\pgr2model.obj
D:\Dropbox\CodeProjects\PGR2_semestralka\SimpleGLSL\Release\cl.command.1.tlog
D:\Dropbox\CodeProjects\PGR2_semestralka\SimpleGLSL\Release\CL.read.1.tlog
D:\Dropbox\CodeProjects\PGR2_semestralka\SimpleGLSL\Release\CL.write.1.tlog
D:\Dropbox\CodeProjects\PGR2_semestralka\SimpleGLSL\Release\link-cvtres.read.1.tlog
D:\Dropbox\CodeProjects\PGR2_semestralka\SimpleGLSL\Release\link-cvtres.write.1.tlog
D:\Dropbox\CodeProjects\PGR2_semestralka\SimpleGLSL\Release\link-rc.read.1.tlog
D:\Dropbox\CodeProjects\PGR2_semestralka\SimpleGLSL\Release\link-rc.write.1.tlog
D:\Dropbox\CodeProjects\PGR2_semestralka\SimpleGLSL\Release\link.command.1.tlog
D:\Dropbox\CodeProjects\PGR2_semestralka\SimpleGLSL\Release\link.read.1.tlog
D:\Dropbox\CodeProjects\PGR2_semestralka\SimpleGLSL\Release\link.write.1.tlog
D:\Dropbox\CodeProjects\PGR2_semestralka\SimpleGLSL\Release\vc110.pdb
D:\Dropbox\CodeProjects\PGR2_semestralka\bin\Release\PGR2_semestralka.pdb
D:\Dropbox\CodeProjects\PGR2_semestralka\bin\Release\PGR2_semestralka.exe
